<?xml version="1.0" encoding="UTF-8"?>
<!-- Generated by org.testng.reporters.JUnitReportReporter -->
<testsuite hostname="DTBLR01LP124" name="com.TestCaseWhiteBoard.TC_01_LandingPage" tests="2" failures="0" timestamp="23 Mar 2023 07:25:41 GMT" time="31.235" errors="0">
  <testcase name="getToCanvas" time="20.659" classname="com.TestCaseWhiteBoard.TC_01_LandingPage"/>
  <testcase name="penDraw" time="10.576" classname="com.TestCaseWhiteBoard.TC_01_LandingPage"/>
</testsuite> <!-- com.TestCaseWhiteBoard.TC_01_LandingPage -->
