<?xml version="1.0" encoding="UTF-8"?>
<!-- Generated by org.testng.reporters.JUnitReportReporter -->
<testsuite hostname="DTBLR01LP124" name="com.TestCaseWhiteBoard.RightToolBarFunctionalities" tests="2" failures="0" timestamp="1 Jul 2023 04:38:51 GMT" time="59.715" errors="0">
  <testcase name="GizmosTool" time="23.236" classname="com.TestCaseWhiteBoard.RightToolBarFunctionalities"/>
  <testcase name="WidgetYouTube" time="36.479" classname="com.TestCaseWhiteBoard.RightToolBarFunctionalities"/>
</testsuite> <!-- com.TestCaseWhiteBoard.RightToolBarFunctionalities -->
