<?xml version="1.0" encoding="UTF-8"?>
<!-- Generated by org.testng.reporters.JUnitReportReporter -->
<testsuite hostname="DTBLR01LP124" failures="0" tests="1" name="com.TestCaseWhiteBoard.LowerToolBarFunctionalities" time="45.604" errors="0" timestamp="03 Apr 2023 12:17:03 GMT" skipped="0">
  <testcase classname="com.TestCaseWhiteBoard.LowerToolBarFunctionalities" name="Login" time="45.604"/>
</testsuite> <!-- com.TestCaseWhiteBoard.LowerToolBarFunctionalities -->
