<?xml version="1.0" encoding="UTF-8"?>
<!-- Generated by org.testng.reporters.JUnitReportReporter -->
<testsuite hostname="DTBLR01LP124" failures="0" tests="1" name="com.TestCaseWhiteBoard.RightToolBarFunctionalities" time="31.010" errors="0" timestamp="03 Apr 2023 12:17:03 GMT" skipped="0">
  <testcase classname="com.TestCaseWhiteBoard.RightToolBarFunctionalities" name="GizmosTool" time="31.010"/>
</testsuite> <!-- com.TestCaseWhiteBoard.RightToolBarFunctionalities -->
